0 info it worked if it ends with ok
1 verbose cli [ 'c:\\Program Files\\nodejs\\node.exe',
1 verbose cli   'c:\\Program Files\\nodejs\\node_modules\\npm\\bin\\npm-cli.js',
1 verbose cli   'install',
1 verbose cli   '--save',
1 verbose cli   'bcrypt' ]
2 info using npm@1.4.23
3 info using node@v0.10.31
4 warn package.json PatientDoctorApp@1.0.0 No description
5 warn package.json PatientDoctorApp@1.0.0 No README data
6 verbose readDependencies using package.json deps
7 verbose cache add [ 'bcrypt', null ]
8 verbose cache add name=undefined spec="bcrypt" args=["bcrypt",null]
9 verbose parsed url { protocol: null,
9 verbose parsed url   slashes: null,
9 verbose parsed url   auth: null,
9 verbose parsed url   host: null,
9 verbose parsed url   port: null,
9 verbose parsed url   hostname: null,
9 verbose parsed url   hash: null,
9 verbose parsed url   search: null,
9 verbose parsed url   query: null,
9 verbose parsed url   pathname: 'bcrypt',
9 verbose parsed url   path: 'bcrypt',
9 verbose parsed url   href: 'bcrypt' }
10 silly lockFile 51684124-bcrypt bcrypt
11 verbose lock bcrypt C:\Users\Alex\AppData\Roaming\npm-cache\51684124-bcrypt.lock
12 silly lockFile 51684124-bcrypt bcrypt
13 silly lockFile 51684124-bcrypt bcrypt
14 verbose addNamed [ 'bcrypt', '' ]
15 verbose addNamed [ null, '*' ]
16 silly lockFile 1351601c-bcrypt bcrypt@
17 verbose lock bcrypt@ C:\Users\Alex\AppData\Roaming\npm-cache\1351601c-bcrypt.lock
18 silly addNameRange { name: 'bcrypt', range: '*', hasData: false }
19 verbose request where is /bcrypt
20 verbose request registry https://registry.npmjs.org/
21 verbose request id 4d737fae16536dcf
22 verbose url raw /bcrypt
23 verbose url resolving [ 'https://registry.npmjs.org/', './bcrypt' ]
24 verbose url resolved https://registry.npmjs.org/bcrypt
25 verbose request where is https://registry.npmjs.org/bcrypt
26 info trying registry request attempt 1 at 03:08:55
27 verbose etag "6HE4KMA2RRO6XV5V2QBC3QD2S"
28 http GET https://registry.npmjs.org/bcrypt
29 http 304 https://registry.npmjs.org/bcrypt
30 silly registry.get cb [ 304,
30 silly registry.get   { date: 'Thu, 09 Apr 2015 07:08:54 GMT',
30 silly registry.get     server: 'Apache',
30 silly registry.get     via: '1.1 varnish',
30 silly registry.get     'last-modified': 'Thu, 09 Apr 2015 07:08:54 GMT',
30 silly registry.get     'cache-control': 'max-age=60',
30 silly registry.get     etag: '"6HE4KMA2RRO6XV5V2QBC3QD2S"',
30 silly registry.get     age: '0',
30 silly registry.get     'x-served-by': 'cache-atl6231-ATL',
30 silly registry.get     'x-cache': 'HIT',
30 silly registry.get     'x-cache-hits': '1',
30 silly registry.get     'x-timer': 'S1428563334.013928,VS0,VE109',
30 silly registry.get     vary: 'Accept',
30 silly registry.get     'content-length': '0',
30 silly registry.get     'keep-alive': 'timeout=10, max=50',
30 silly registry.get     connection: 'Keep-Alive' } ]
31 verbose etag https://registry.npmjs.org/bcrypt from cache
32 silly addNameRange number 2 { name: 'bcrypt', range: '*', hasData: true }
33 silly addNameRange versions [ 'bcrypt',
33 silly addNameRange   [ '0.1.2',
33 silly addNameRange     '0.2.0',
33 silly addNameRange     '0.2.1',
33 silly addNameRange     '0.1.3',
33 silly addNameRange     '0.2.2',
33 silly addNameRange     '0.2.3',
33 silly addNameRange     '0.2.4',
33 silly addNameRange     '0.3.0',
33 silly addNameRange     '0.3.1',
33 silly addNameRange     '0.3.2',
33 silly addNameRange     '0.4.0',
33 silly addNameRange     '0.4.1',
33 silly addNameRange     '0.5.0',
33 silly addNameRange     '0.6.0',
33 silly addNameRange     '0.7.0',
33 silly addNameRange     '0.7.1',
33 silly addNameRange     '0.7.2',
33 silly addNameRange     '0.7.3',
33 silly addNameRange     '0.7.4',
33 silly addNameRange     '0.7.5',
33 silly addNameRange     '0.7.6',
33 silly addNameRange     '0.7.7',
33 silly addNameRange     '0.7.8',
33 silly addNameRange     '0.8.0',
33 silly addNameRange     '0.8.1',
33 silly addNameRange     '0.8.2' ] ]
34 verbose addNamed [ 'bcrypt', '0.8.2' ]
35 verbose addNamed [ '0.8.2', '0.8.2' ]
36 silly lockFile f0842f3b-bcrypt-0-8-2 bcrypt@0.8.2
37 verbose lock bcrypt@0.8.2 C:\Users\Alex\AppData\Roaming\npm-cache\f0842f3b-bcrypt-0-8-2.lock
38 silly lockFile f0842f3b-bcrypt-0-8-2 bcrypt@0.8.2
39 silly lockFile f0842f3b-bcrypt-0-8-2 bcrypt@0.8.2
40 silly lockFile 1351601c-bcrypt bcrypt@
41 silly lockFile 1351601c-bcrypt bcrypt@
42 silly resolved [ { name: 'bcrypt',
42 silly resolved     description: 'A bcrypt library for NodeJS.',
42 silly resolved     keywords:
42 silly resolved      [ 'bcrypt',
42 silly resolved        'password',
42 silly resolved        'auth',
42 silly resolved        'authentication',
42 silly resolved        'encryption',
42 silly resolved        'crypt',
42 silly resolved        'crypto' ],
42 silly resolved     main: './bcrypt',
42 silly resolved     version: '0.8.2',
42 silly resolved     author: { name: 'Nick Campbell', url: 'https://github.com/ncb000gt' },
42 silly resolved     engines: { node: '>= 0.6.0' },
42 silly resolved     repository:
42 silly resolved      { type: 'git',
42 silly resolved        url: 'https://github.com/ncb000gt/node.bcrypt.js.git' },
42 silly resolved     licenses: [ [Object] ],
42 silly resolved     bugs: { url: 'https://github.com/ncb000gt/node.bcrypt.js/issues' },
42 silly resolved     scripts:
42 silly resolved      { test: 'node-gyp configure build && nodeunit test',
42 silly resolved        install: 'node-gyp rebuild' },
42 silly resolved     dependencies: { bindings: '1.2.0', nan: '1.7.0' },
42 silly resolved     devDependencies: { nodeunit: '>=0.6.4' },
42 silly resolved     contributors:
42 silly resolved      [ [Object],
42 silly resolved        [Object],
42 silly resolved        [Object],
42 silly resolved        [Object],
42 silly resolved        [Object],
42 silly resolved        [Object],
42 silly resolved        [Object],
42 silly resolved        [Object],
42 silly resolved        [Object],
42 silly resolved        [Object],
42 silly resolved        [Object],
42 silly resolved        [Object],
42 silly resolved        [Object],
42 silly resolved        [Object] ],
42 silly resolved     gypfile: true,
42 silly resolved     gitHead: '5f5f0e9fa8c0f18b6489d6a07551999de2eb40e5',
42 silly resolved     homepage: 'https://github.com/ncb000gt/node.bcrypt.js',
42 silly resolved     _id: 'bcrypt@0.8.2',
42 silly resolved     _shasum: '4732f0ddd1e0fb066dcd8ad9472d3d300fd96824',
42 silly resolved     _from: 'bcrypt@',
42 silly resolved     _npmVersion: '2.7.3',
42 silly resolved     _nodeVersion: '0.10.35',
42 silly resolved     _npmUser: { name: 'shtylman', email: 'shtylman@gmail.com' },
42 silly resolved     maintainers: [ [Object], [Object], [Object], [Object] ],
42 silly resolved     dist:
42 silly resolved      { shasum: '4732f0ddd1e0fb066dcd8ad9472d3d300fd96824',
42 silly resolved        tarball: 'http://registry.npmjs.org/bcrypt/-/bcrypt-0.8.2.tgz' },
42 silly resolved     directories: {},
42 silly resolved     _resolved: 'https://registry.npmjs.org/bcrypt/-/bcrypt-0.8.2.tgz',
42 silly resolved     readme: 'ERROR: No README data found!' } ]
43 info install bcrypt@0.8.2 into d:\USBWebserver v8.6\root\PatientDoctorApp
44 info installOne bcrypt@0.8.2
45 verbose node_modules\bcrypt unbuild
46 verbose tar unpack C:\Users\Alex\AppData\Roaming\npm-cache\bcrypt\0.8.2\package.tgz
47 silly lockFile 26af391a-entDoctorApp-node-modules-bcrypt tar://d:\USBWebserver v8.6\root\PatientDoctorApp\node_modules\bcrypt
48 verbose lock tar://d:\USBWebserver v8.6\root\PatientDoctorApp\node_modules\bcrypt C:\Users\Alex\AppData\Roaming\npm-cache\26af391a-entDoctorApp-node-modules-bcrypt.lock
49 silly lockFile ddad9411-m-cache-bcrypt-0-8-2-package-tgz tar://C:\Users\Alex\AppData\Roaming\npm-cache\bcrypt\0.8.2\package.tgz
50 verbose lock tar://C:\Users\Alex\AppData\Roaming\npm-cache\bcrypt\0.8.2\package.tgz C:\Users\Alex\AppData\Roaming\npm-cache\ddad9411-m-cache-bcrypt-0-8-2-package-tgz.lock
51 silly gunzTarPerm modes [ '777', '666' ]
52 silly gunzTarPerm extractEntry package.json
53 silly gunzTarPerm modified mode [ 'package.json', 420, 438 ]
54 silly gunzTarPerm extractEntry .npmignore
55 silly gunzTarPerm modified mode [ '.npmignore', 420, 438 ]
56 silly gunzTarPerm extractEntry README.md
57 silly gunzTarPerm modified mode [ 'README.md', 420, 438 ]
58 silly gunzTarPerm extractEntry LICENSE
59 silly gunzTarPerm modified mode [ 'LICENSE', 420, 438 ]
60 silly gunzTarPerm extractEntry bcrypt.js
61 silly gunzTarPerm modified mode [ 'bcrypt.js', 420, 438 ]
62 silly gunzTarPerm extractEntry binding.gyp
63 silly gunzTarPerm modified mode [ 'binding.gyp', 420, 438 ]
64 silly gunzTarPerm extractEntry .travis.yml
65 silly gunzTarPerm modified mode [ '.travis.yml', 420, 438 ]
66 silly gunzTarPerm extractEntry CHANGELOG.md
67 silly gunzTarPerm modified mode [ 'CHANGELOG.md', 420, 438 ]
68 silly gunzTarPerm extractEntry examples/async_compare.js
69 silly gunzTarPerm modified mode [ 'examples/async_compare.js', 420, 438 ]
70 silly gunzTarPerm extractEntry examples/forever_gen_salt.js
71 silly gunzTarPerm modified mode [ 'examples/forever_gen_salt.js', 420, 438 ]
72 silly gunzTarPerm extractEntry test/async.js
73 silly gunzTarPerm modified mode [ 'test/async.js', 420, 438 ]
74 silly gunzTarPerm extractEntry test/repetitions.js
75 silly gunzTarPerm modified mode [ 'test/repetitions.js', 420, 438 ]
76 silly gunzTarPerm extractEntry test/sync.js
77 silly gunzTarPerm modified mode [ 'test/sync.js', 420, 438 ]
78 silly gunzTarPerm extractEntry Makefile
79 silly gunzTarPerm modified mode [ 'Makefile', 420, 438 ]
80 silly gunzTarPerm extractEntry src/bcrypt.cc
81 silly gunzTarPerm modified mode [ 'src/bcrypt.cc', 420, 438 ]
82 silly gunzTarPerm extractEntry src/bcrypt_node.cc
83 silly gunzTarPerm modified mode [ 'src/bcrypt_node.cc', 420, 438 ]
84 silly gunzTarPerm extractEntry src/blowfish.cc
85 silly gunzTarPerm modified mode [ 'src/blowfish.cc', 420, 438 ]
86 silly gunzTarPerm extractEntry src/node_blf.h
87 silly gunzTarPerm modified mode [ 'src/node_blf.h', 420, 438 ]
88 silly gunzTarPerm extractEntry werker.yml
89 silly gunzTarPerm modified mode [ 'werker.yml', 420, 438 ]
90 silly lockFile 26af391a-entDoctorApp-node-modules-bcrypt tar://d:\USBWebserver v8.6\root\PatientDoctorApp\node_modules\bcrypt
91 silly lockFile 26af391a-entDoctorApp-node-modules-bcrypt tar://d:\USBWebserver v8.6\root\PatientDoctorApp\node_modules\bcrypt
92 silly lockFile ddad9411-m-cache-bcrypt-0-8-2-package-tgz tar://C:\Users\Alex\AppData\Roaming\npm-cache\bcrypt\0.8.2\package.tgz
93 silly lockFile ddad9411-m-cache-bcrypt-0-8-2-package-tgz tar://C:\Users\Alex\AppData\Roaming\npm-cache\bcrypt\0.8.2\package.tgz
94 info preinstall bcrypt@0.8.2
95 verbose readDependencies using package.json deps
96 verbose readDependencies using package.json deps
97 verbose cache add [ 'bindings@1.2.0', null ]
98 verbose cache add name=undefined spec="bindings@1.2.0" args=["bindings@1.2.0",null]
99 verbose parsed url { protocol: null,
99 verbose parsed url   slashes: null,
99 verbose parsed url   auth: null,
99 verbose parsed url   host: null,
99 verbose parsed url   port: null,
99 verbose parsed url   hostname: null,
99 verbose parsed url   hash: null,
99 verbose parsed url   search: null,
99 verbose parsed url   query: null,
99 verbose parsed url   pathname: 'bindings@1.2.0',
99 verbose parsed url   path: 'bindings@1.2.0',
99 verbose parsed url   href: 'bindings@1.2.0' }
100 verbose cache add [ 'nan@1.7.0', null ]
101 verbose cache add name=undefined spec="nan@1.7.0" args=["nan@1.7.0",null]
102 verbose parsed url { protocol: null,
102 verbose parsed url   slashes: null,
102 verbose parsed url   auth: null,
102 verbose parsed url   host: null,
102 verbose parsed url   port: null,
102 verbose parsed url   hostname: null,
102 verbose parsed url   hash: null,
102 verbose parsed url   search: null,
102 verbose parsed url   query: null,
102 verbose parsed url   pathname: 'nan@1.7.0',
102 verbose parsed url   path: 'nan@1.7.0',
102 verbose parsed url   href: 'nan@1.7.0' }
103 verbose cache add name="bindings" spec="1.2.0" args=["bindings","1.2.0"]
104 verbose parsed url { protocol: null,
104 verbose parsed url   slashes: null,
104 verbose parsed url   auth: null,
104 verbose parsed url   host: null,
104 verbose parsed url   port: null,
104 verbose parsed url   hostname: null,
104 verbose parsed url   hash: null,
104 verbose parsed url   search: null,
104 verbose parsed url   query: null,
104 verbose parsed url   pathname: '1.2.0',
104 verbose parsed url   path: '1.2.0',
104 verbose parsed url   href: '1.2.0' }
105 verbose addNamed [ 'bindings', '1.2.0' ]
106 verbose addNamed [ '1.2.0', '1.2.0' ]
107 silly lockFile edb95d60-bindings-1-2-0 bindings@1.2.0
108 verbose lock bindings@1.2.0 C:\Users\Alex\AppData\Roaming\npm-cache\edb95d60-bindings-1-2-0.lock
109 verbose cache add name="nan" spec="1.7.0" args=["nan","1.7.0"]
110 verbose parsed url { protocol: null,
110 verbose parsed url   slashes: null,
110 verbose parsed url   auth: null,
110 verbose parsed url   host: null,
110 verbose parsed url   port: null,
110 verbose parsed url   hostname: null,
110 verbose parsed url   hash: null,
110 verbose parsed url   search: null,
110 verbose parsed url   query: null,
110 verbose parsed url   pathname: '1.7.0',
110 verbose parsed url   path: '1.7.0',
110 verbose parsed url   href: '1.7.0' }
111 verbose addNamed [ 'nan', '1.7.0' ]
112 verbose addNamed [ '1.7.0', '1.7.0' ]
113 silly lockFile e44e3bb6-nan-1-7-0 nan@1.7.0
114 verbose lock nan@1.7.0 C:\Users\Alex\AppData\Roaming\npm-cache\e44e3bb6-nan-1-7-0.lock
115 verbose request where is /bindings
116 verbose request registry https://registry.npmjs.org/
117 verbose url raw /bindings
118 verbose url resolving [ 'https://registry.npmjs.org/', './bindings' ]
119 verbose url resolved https://registry.npmjs.org/bindings
120 verbose request where is https://registry.npmjs.org/bindings
121 info trying registry request attempt 1 at 03:08:56
122 verbose etag "5997G8NY1OJEMZ1HNHL7VBX5J"
123 http GET https://registry.npmjs.org/bindings
124 verbose request where is /nan
125 verbose request registry https://registry.npmjs.org/
126 verbose url raw /nan
127 verbose url resolving [ 'https://registry.npmjs.org/', './nan' ]
128 verbose url resolved https://registry.npmjs.org/nan
129 verbose request where is https://registry.npmjs.org/nan
130 info trying registry request attempt 1 at 03:08:56
131 verbose etag "2RVNOBUBIPFCFHXKKPTSTKGB8"
132 http GET https://registry.npmjs.org/nan
133 http 304 https://registry.npmjs.org/bindings
134 silly registry.get cb [ 304,
134 silly registry.get   { date: 'Thu, 09 Apr 2015 07:08:54 GMT',
134 silly registry.get     server: 'Apache',
134 silly registry.get     via: '1.1 varnish',
134 silly registry.get     'last-modified': 'Thu, 09 Apr 2015 07:08:11 GMT',
134 silly registry.get     'cache-control': 'max-age=60',
134 silly registry.get     etag: '"5997G8NY1OJEMZ1HNHL7VBX5J"',
134 silly registry.get     age: '58',
134 silly registry.get     'x-served-by': 'cache-atl6235-ATL',
134 silly registry.get     'x-cache': 'HIT',
134 silly registry.get     'x-cache-hits': '2',
134 silly registry.get     'x-timer': 'S1428563334.539821,VS0,VE0',
134 silly registry.get     vary: 'Accept',
134 silly registry.get     'content-length': '0',
134 silly registry.get     'keep-alive': 'timeout=10, max=50',
134 silly registry.get     connection: 'Keep-Alive' } ]
135 verbose etag https://registry.npmjs.org/bindings from cache
136 http 304 https://registry.npmjs.org/nan
137 silly registry.get cb [ 304,
137 silly registry.get   { date: 'Thu, 09 Apr 2015 07:08:54 GMT',
137 silly registry.get     server: 'Apache',
137 silly registry.get     via: '1.1 varnish',
137 silly registry.get     'last-modified': 'Thu, 09 Apr 2015 07:08:54 GMT',
137 silly registry.get     'cache-control': 'max-age=60',
137 silly registry.get     etag: '"2RVNOBUBIPFCFHXKKPTSTKGB8"',
137 silly registry.get     age: '41',
137 silly registry.get     'x-served-by': 'cache-atl6222-ATL',
137 silly registry.get     'x-cache': 'HIT',
137 silly registry.get     'x-cache-hits': '1',
137 silly registry.get     'x-timer': 'S1428563334.555134,VS0,VE1',
137 silly registry.get     vary: 'Accept',
137 silly registry.get     'content-length': '0',
137 silly registry.get     'keep-alive': 'timeout=10, max=50',
137 silly registry.get     connection: 'Keep-Alive' } ]
138 verbose etag https://registry.npmjs.org/nan from cache
139 silly lockFile edb95d60-bindings-1-2-0 bindings@1.2.0
140 silly lockFile edb95d60-bindings-1-2-0 bindings@1.2.0
141 silly lockFile e44e3bb6-nan-1-7-0 nan@1.7.0
142 silly lockFile e44e3bb6-nan-1-7-0 nan@1.7.0
143 silly resolved [ { name: 'bindings',
143 silly resolved     description: 'Helper module for loading your native module\'s .node file',
143 silly resolved     keywords: [ 'native', 'addon', 'bindings', 'gyp', 'waf', 'c', 'c++' ],
143 silly resolved     version: '1.2.0',
143 silly resolved     author:
143 silly resolved      { name: 'Nathan Rajlich',
143 silly resolved        email: 'nathan@tootallnate.net',
143 silly resolved        url: 'http://tootallnate.net' },
143 silly resolved     repository:
143 silly resolved      { type: 'git',
143 silly resolved        url: 'git://github.com/TooTallNate/node-bindings.git' },
143 silly resolved     main: './bindings.js',
143 silly resolved     bugs: { url: 'https://github.com/TooTallNate/node-bindings/issues' },
143 silly resolved     homepage: 'https://github.com/TooTallNate/node-bindings',
143 silly resolved     _id: 'bindings@1.2.0',
143 silly resolved     dist:
143 silly resolved      { shasum: 'c224fc5b349a84043779f97a6271d9d70da7636f',
143 silly resolved        tarball: 'http://registry.npmjs.org/bindings/-/bindings-1.2.0.tgz' },
143 silly resolved     _from: 'bindings@1.2.0',
143 silly resolved     _npmVersion: '1.4.3',
143 silly resolved     _npmUser: { name: 'tootallnate', email: 'nathan@tootallnate.net' },
143 silly resolved     maintainers: [ [Object], [Object] ],
143 silly resolved     directories: {},
143 silly resolved     _shasum: 'c224fc5b349a84043779f97a6271d9d70da7636f',
143 silly resolved     _resolved: 'https://registry.npmjs.org/bindings/-/bindings-1.2.0.tgz',
143 silly resolved     readme: 'ERROR: No README data found!' },
143 silly resolved   { name: 'nan',
143 silly resolved     version: '1.7.0',
143 silly resolved     description: 'Native Abstractions for Node.js: C++ header for Node 0.8->0.12 compatibility',
143 silly resolved     main: 'include_dirs.js',
143 silly resolved     repository: { type: 'git', url: 'git://github.com/rvagg/nan.git' },
143 silly resolved     scripts:
143 silly resolved      { test: 'tap --gc test/js/*-test.js',
143 silly resolved        'rebuild-tests': 'pangyp rebuild --directory test' },
143 silly resolved     contributors:
143 silly resolved      [ [Object],
143 silly resolved        [Object],
143 silly resolved        [Object],
143 silly resolved        [Object],
143 silly resolved        [Object],
143 silly resolved        [Object],
143 silly resolved        [Object] ],
143 silly resolved     devDependencies:
143 silly resolved      { bindings: '~1.2.1',
143 silly resolved        'node-gyp': '~1.0.2',
143 silly resolved        pangyp: '~2.0.1',
143 silly resolved        tap: '~0.5.0',
143 silly resolved        xtend: '~4.0.0' },
143 silly resolved     license: 'MIT',
143 silly resolved     gitHead: '550efb5dde5cb6bf79db87ab48dce850e56e971a',
143 silly resolved     bugs: { url: 'https://github.com/rvagg/nan/issues' },
143 silly resolved     homepage: 'https://github.com/rvagg/nan',
143 silly resolved     _id: 'nan@1.7.0',
143 silly resolved     _shasum: '755b997404e83cbe7bc08bc3c5c56291bce87438',
143 silly resolved     _from: 'nan@1.7.0',
143 silly resolved     _npmVersion: '2.5.1',
143 silly resolved     _nodeVersion: '0.12.0',
143 silly resolved     _npmUser: { name: 'kkoopa', email: 'bbyholm@abo.fi' },
143 silly resolved     maintainers: [ [Object], [Object] ],
143 silly resolved     dist:
143 silly resolved      { shasum: '755b997404e83cbe7bc08bc3c5c56291bce87438',
143 silly resolved        tarball: 'http://registry.npmjs.org/nan/-/nan-1.7.0.tgz' },
143 silly resolved     directories: {},
143 silly resolved     _resolved: 'https://registry.npmjs.org/nan/-/nan-1.7.0.tgz',
143 silly resolved     readme: 'ERROR: No README data found!' } ]
144 info install bindings@1.2.0 into d:\USBWebserver v8.6\root\PatientDoctorApp\node_modules\bcrypt
145 info install nan@1.7.0 into d:\USBWebserver v8.6\root\PatientDoctorApp\node_modules\bcrypt
146 info installOne bindings@1.2.0
147 info installOne nan@1.7.0
148 verbose node_modules\bcrypt\node_modules\bindings unbuild
149 verbose node_modules\bcrypt\node_modules\nan unbuild
150 verbose tar unpack C:\Users\Alex\AppData\Roaming\npm-cache\bindings\1.2.0\package.tgz
151 silly lockFile 6167e28d-les-bcrypt-node-modules-bindings tar://d:\USBWebserver v8.6\root\PatientDoctorApp\node_modules\bcrypt\node_modules\bindings
152 verbose lock tar://d:\USBWebserver v8.6\root\PatientDoctorApp\node_modules\bcrypt\node_modules\bindings C:\Users\Alex\AppData\Roaming\npm-cache\6167e28d-les-bcrypt-node-modules-bindings.lock
153 silly lockFile 0fa375a5-cache-bindings-1-2-0-package-tgz tar://C:\Users\Alex\AppData\Roaming\npm-cache\bindings\1.2.0\package.tgz
154 verbose lock tar://C:\Users\Alex\AppData\Roaming\npm-cache\bindings\1.2.0\package.tgz C:\Users\Alex\AppData\Roaming\npm-cache\0fa375a5-cache-bindings-1-2-0-package-tgz.lock
155 verbose tar unpack C:\Users\Alex\AppData\Roaming\npm-cache\nan\1.7.0\package.tgz
156 silly lockFile bc2dfc35--modules-bcrypt-node-modules-nan tar://d:\USBWebserver v8.6\root\PatientDoctorApp\node_modules\bcrypt\node_modules\nan
157 verbose lock tar://d:\USBWebserver v8.6\root\PatientDoctorApp\node_modules\bcrypt\node_modules\nan C:\Users\Alex\AppData\Roaming\npm-cache\bc2dfc35--modules-bcrypt-node-modules-nan.lock
158 silly lockFile f5facaf2--npm-cache-nan-1-7-0-package-tgz tar://C:\Users\Alex\AppData\Roaming\npm-cache\nan\1.7.0\package.tgz
159 verbose lock tar://C:\Users\Alex\AppData\Roaming\npm-cache\nan\1.7.0\package.tgz C:\Users\Alex\AppData\Roaming\npm-cache\f5facaf2--npm-cache-nan-1-7-0-package-tgz.lock
160 silly gunzTarPerm modes [ '777', '666' ]
161 silly gunzTarPerm modes [ '777', '666' ]
162 silly gunzTarPerm extractEntry package.json
163 silly gunzTarPerm modified mode [ 'package.json', 420, 438 ]
164 silly gunzTarPerm extractEntry package.json
165 silly gunzTarPerm modified mode [ 'package.json', 436, 438 ]
166 silly gunzTarPerm extractEntry README.md
167 silly gunzTarPerm modified mode [ 'README.md', 420, 438 ]
168 silly gunzTarPerm extractEntry bindings.js
169 silly gunzTarPerm modified mode [ 'bindings.js', 420, 438 ]
170 silly gunzTarPerm extractEntry include_dirs.js
171 silly gunzTarPerm modified mode [ 'include_dirs.js', 436, 438 ]
172 silly gunzTarPerm extractEntry LICENSE.md
173 silly gunzTarPerm modified mode [ 'LICENSE.md', 436, 438 ]
174 silly gunzTarPerm extractEntry .dntrc
175 silly gunzTarPerm modified mode [ '.dntrc', 436, 438 ]
176 silly gunzTarPerm extractEntry appveyor.yml
177 silly gunzTarPerm modified mode [ 'appveyor.yml', 436, 438 ]
178 silly gunzTarPerm extractEntry nan.h
179 silly gunzTarPerm modified mode [ 'nan.h', 436, 438 ]
180 silly gunzTarPerm extractEntry nan_implementation_12_inl.h
181 silly gunzTarPerm modified mode [ 'nan_implementation_12_inl.h', 436, 438 ]
182 silly gunzTarPerm extractEntry nan_implementation_pre_12_inl.h
183 silly gunzTarPerm modified mode [ 'nan_implementation_pre_12_inl.h', 436, 438 ]
184 silly gunzTarPerm extractEntry nan_new.h
185 silly gunzTarPerm modified mode [ 'nan_new.h', 436, 438 ]
186 silly gunzTarPerm extractEntry nan_string_bytes.h
187 silly gunzTarPerm modified mode [ 'nan_string_bytes.h', 436, 438 ]
188 silly gunzTarPerm extractEntry CHANGELOG.md
189 silly gunzTarPerm modified mode [ 'CHANGELOG.md', 436, 438 ]
190 silly lockFile 6167e28d-les-bcrypt-node-modules-bindings tar://d:\USBWebserver v8.6\root\PatientDoctorApp\node_modules\bcrypt\node_modules\bindings
191 silly lockFile 6167e28d-les-bcrypt-node-modules-bindings tar://d:\USBWebserver v8.6\root\PatientDoctorApp\node_modules\bcrypt\node_modules\bindings
192 silly lockFile 0fa375a5-cache-bindings-1-2-0-package-tgz tar://C:\Users\Alex\AppData\Roaming\npm-cache\bindings\1.2.0\package.tgz
193 silly lockFile 0fa375a5-cache-bindings-1-2-0-package-tgz tar://C:\Users\Alex\AppData\Roaming\npm-cache\bindings\1.2.0\package.tgz
194 info preinstall bindings@1.2.0
195 verbose readDependencies using package.json deps
196 verbose readDependencies using package.json deps
197 silly resolved []
198 verbose about to build d:\USBWebserver v8.6\root\PatientDoctorApp\node_modules\bcrypt\node_modules\bindings
199 info build d:\USBWebserver v8.6\root\PatientDoctorApp\node_modules\bcrypt\node_modules\bindings
200 verbose linkStuff [ false,
200 verbose linkStuff   false,
200 verbose linkStuff   false,
200 verbose linkStuff   'd:\\USBWebserver v8.6\\root\\PatientDoctorApp\\node_modules\\bcrypt\\node_modules' ]
201 info linkStuff bindings@1.2.0
202 verbose linkBins bindings@1.2.0
203 verbose linkMans bindings@1.2.0
204 verbose rebuildBundles bindings@1.2.0
205 info install bindings@1.2.0
206 info postinstall bindings@1.2.0
207 silly lockFile bc2dfc35--modules-bcrypt-node-modules-nan tar://d:\USBWebserver v8.6\root\PatientDoctorApp\node_modules\bcrypt\node_modules\nan
208 silly lockFile bc2dfc35--modules-bcrypt-node-modules-nan tar://d:\USBWebserver v8.6\root\PatientDoctorApp\node_modules\bcrypt\node_modules\nan
209 silly lockFile f5facaf2--npm-cache-nan-1-7-0-package-tgz tar://C:\Users\Alex\AppData\Roaming\npm-cache\nan\1.7.0\package.tgz
210 silly lockFile f5facaf2--npm-cache-nan-1-7-0-package-tgz tar://C:\Users\Alex\AppData\Roaming\npm-cache\nan\1.7.0\package.tgz
211 info preinstall nan@1.7.0
212 verbose readDependencies using package.json deps
213 verbose readDependencies using package.json deps
214 silly resolved []
215 verbose about to build d:\USBWebserver v8.6\root\PatientDoctorApp\node_modules\bcrypt\node_modules\nan
216 info build d:\USBWebserver v8.6\root\PatientDoctorApp\node_modules\bcrypt\node_modules\nan
217 verbose linkStuff [ false,
217 verbose linkStuff   false,
217 verbose linkStuff   false,
217 verbose linkStuff   'd:\\USBWebserver v8.6\\root\\PatientDoctorApp\\node_modules\\bcrypt\\node_modules' ]
218 info linkStuff nan@1.7.0
219 verbose linkBins nan@1.7.0
220 verbose linkMans nan@1.7.0
221 verbose rebuildBundles nan@1.7.0
222 info install nan@1.7.0
223 info postinstall nan@1.7.0
224 verbose about to build d:\USBWebserver v8.6\root\PatientDoctorApp\node_modules\bcrypt
225 info build d:\USBWebserver v8.6\root\PatientDoctorApp\node_modules\bcrypt
226 verbose linkStuff [ false,
226 verbose linkStuff   false,
226 verbose linkStuff   false,
226 verbose linkStuff   'd:\\USBWebserver v8.6\\root\\PatientDoctorApp\\node_modules' ]
227 info linkStuff bcrypt@0.8.2
228 verbose linkBins bcrypt@0.8.2
229 verbose linkMans bcrypt@0.8.2
230 verbose rebuildBundles bcrypt@0.8.2
231 verbose rebuildBundles [ 'bindings', 'nan' ]
232 info install bcrypt@0.8.2
233 verbose unsafe-perm in lifecycle true
234 info bcrypt@0.8.2 Failed to exec install script
235 verbose node_modules\bcrypt unbuild
236 info preuninstall bcrypt@0.8.2
237 info uninstall bcrypt@0.8.2
238 verbose true,d:\USBWebserver v8.6\root\PatientDoctorApp\node_modules,d:\USBWebserver v8.6\root\PatientDoctorApp\node_modules unbuild bcrypt@0.8.2
239 info postuninstall bcrypt@0.8.2
240 error bcrypt@0.8.2 install: `node-gyp rebuild`
240 error Exit status 1
241 error Failed at the bcrypt@0.8.2 install script.
241 error This is most likely a problem with the bcrypt package,
241 error not with npm itself.
241 error Tell the author that this fails on your system:
241 error     node-gyp rebuild
241 error You can get their info via:
241 error     npm owner ls bcrypt
241 error There is likely additional logging output above.
242 error System Windows_NT 6.1.7601
243 error command "c:\\Program Files\\nodejs\\node.exe" "c:\\Program Files\\nodejs\\node_modules\\npm\\bin\\npm-cli.js" "install" "--save" "bcrypt"
244 error cwd d:\USBWebserver v8.6\root\PatientDoctorApp
245 error node -v v0.10.31
246 error npm -v 1.4.23
247 error code ELIFECYCLE
248 verbose exit [ 1, true ]
